Started GET "/" for ::1 at 2019-12-16 13:46:19 +0100
Processing by Rails::WelcomeController#index as HTML
  Rendering /home/jimmy/.rbenv/versions/2.5.7/lib/ruby/gems/2.5.0/gems/railties-5.1.7/lib/rails/templates/rails/welcome/index.html.erb
  Rendered /home/jimmy/.rbenv/versions/2.5.7/lib/ruby/gems/2.5.0/gems/railties-5.1.7/lib/rails/templates/rails/welcome/index.html.erb (2.1ms)
Completed 200 OK in 148ms (Views: 4.8ms)


Started GET "/" for ::1 at 2019-12-16 13:48:19 +0100
Processing by Rails::WelcomeController#index as HTML
  Rendering /home/jimmy/.rbenv/versions/2.5.7/lib/ruby/gems/2.5.0/gems/railties-5.1.7/lib/rails/templates/rails/welcome/index.html.erb
  Rendered /home/jimmy/.rbenv/versions/2.5.7/lib/ruby/gems/2.5.0/gems/railties-5.1.7/lib/rails/templates/rails/welcome/index.html.erb (3.6ms)
Completed 200 OK in 7ms (Views: 5.3ms)


  [1m[35m (0.1ms)[0m  [1m[34mSELECT sqlite_version(*)[0m
  [1m[35m (205.4ms)[0m  [1m[35mCREATE TABLE "schema_migrations" ("version" varchar NOT NULL PRIMARY KEY)[0m
  [1m[35m (2.3ms)[0m  [1m[35mCREATE TABLE "ar_internal_metadata" ("key" varchar NOT NULL PRIMARY KEY, "value" varchar, "created_at" datetime NOT NULL, "updated_at" datetime NOT NULL)[0m
  [1m[35m (0.2ms)[0m  [1m[34mSELECT "schema_migrations"."version" FROM "schema_migrations" ORDER BY "schema_migrations"."version" ASC[0m
Migrating to DeviseCreateUsers (20191216160026)
  [1m[35m (0.1ms)[0m  [1m[36mbegin transaction[0m
  [1m[35m (1.3ms)[0m  [1m[35mCREATE TABLE "users" ("id" INTEGER PRIMARY KEY AUTOINCREMENT NOT NULL, "email" varchar DEFAULT '' NOT NULL, "encrypted_password" varchar DEFAULT '' NOT NULL, "reset_password_token" varchar, "reset_password_sent_at" datetime, "remember_created_at" datetime, "sign_in_count" integer DEFAULT 0 NOT NULL, "current_sign_in_at" datetime, "last_sign_in_at" datetime, "current_sign_in_ip" varchar, "last_sign_in_ip" varchar, "confirmation_token" varchar, "confirmed_at" datetime, "confirmation_sent_at" datetime, "unconfirmed_email" varchar, "created_at" datetime NOT NULL, "updated_at" datetime NOT NULL)[0m
  [1m[35m (0.2ms)[0m  [1m[35mCREATE UNIQUE INDEX "index_users_on_email" ON "users" ("email")[0m
  [1m[35m (0.1ms)[0m  [1m[34m            SELECT sql
            FROM sqlite_master
            WHERE name='index_users_on_email' AND type='index'
            UNION ALL
            SELECT sql
            FROM sqlite_temp_master
            WHERE name='index_users_on_email' AND type='index'
[0m
  [1m[35m (0.2ms)[0m  [1m[35mCREATE UNIQUE INDEX "index_users_on_reset_password_token" ON "users" ("reset_password_token")[0m
  [1m[35mSQL (0.2ms)[0m  [1m[32mINSERT INTO "schema_migrations" ("version") VALUES (?)[0m  [["version", "20191216160026"]]
  [1m[35m (2.2ms)[0m  [1m[36mcommit transaction[0m
  [1m[36mActiveRecord::InternalMetadata Load (0.1ms)[0m  [1m[34mSELECT  "ar_internal_metadata".* FROM "ar_internal_metadata" WHERE "ar_internal_metadata"."key" = ? LIMIT ?[0m  [["key", "environment"], ["LIMIT", 1]]
  [1m[35m (0.1ms)[0m  [1m[36mbegin transaction[0m
  [1m[35mSQL (0.6ms)[0m  [1m[32mINSERT INTO "ar_internal_metadata" ("key", "value", "created_at", "updated_at") VALUES (?, ?, ?, ?)[0m  [["key", "environment"], ["value", "development"], ["created_at", "2019-12-16 16:03:06.431259"], ["updated_at", "2019-12-16 16:03:06.431259"]]
  [1m[35m (2.1ms)[0m  [1m[36mcommit transaction[0m
  [1m[35m (0.1ms)[0m  [1m[34mSELECT "schema_migrations"."version" FROM "schema_migrations" ORDER BY "schema_migrations"."version" ASC[0m
  [1m[35m (0.1ms)[0m  [1m[34m            SELECT sql
            FROM sqlite_master
            WHERE name='index_users_on_reset_password_token' AND type='index'
            UNION ALL
            SELECT sql
            FROM sqlite_temp_master
            WHERE name='index_users_on_reset_password_token' AND type='index'
[0m
  [1m[35m (0.1ms)[0m  [1m[34m            SELECT sql
            FROM sqlite_master
            WHERE name='index_users_on_email' AND type='index'
            UNION ALL
            SELECT sql
            FROM sqlite_temp_master
            WHERE name='index_users_on_email' AND type='index'
[0m
Started GET "/" for ::1 at 2019-12-16 17:04:19 +0100
  [1m[35m (0.2ms)[0m  [1m[34mSELECT "schema_migrations"."version" FROM "schema_migrations" ORDER BY "schema_migrations"."version" ASC[0m
Processing by HomeController#index as HTML
  Rendering home/index.html.erb within layouts/application
  Rendered home/index.html.erb within layouts/application (0.6ms)
Completed 500 Internal Server Error in 206ms (ActiveRecord: 0.0ms)


  
ActionView::Template::Error (require_tree argument must be a directory):
    4:     <title>EzRider</title>
    5:     <%= csrf_meta_tags %>
    6: 
    7:     <%= stylesheet_link_tag    'application', media: 'all', 'data-turbolinks-track': 'reload' %>
    8:     <%= javascript_include_tag 'application', 'data-turbolinks-track': 'reload' %>
    9:   </head>
   10: 
  
app/assets/javascripts/cable.js:6
app/views/layouts/application.html.erb:7:in `_app_views_layouts_application_html_erb__4106871233861241022_70212483353120'
Started GET "/" for ::1 at 2019-12-16 17:04:41 +0100
Processing by HomeController#index as HTML
  Rendering home/index.html.erb within layouts/application
  Rendered home/index.html.erb within layouts/application (0.7ms)
Completed 200 OK in 1085ms (Views: 1082.8ms | ActiveRecord: 0.0ms)


Started GET "/" for ::1 at 2019-12-16 17:06:38 +0100
Processing by HomeController#index as HTML
  Rendering home/index.html.erb within layouts/application
  Rendered home/index.html.erb within layouts/application (0.5ms)
Completed 200 OK in 15ms (Views: 13.9ms | ActiveRecord: 0.0ms)


Started GET "/users/sign_in" for ::1 at 2019-12-16 17:06:39 +0100
Processing by Devise::SessionsController#new as HTML
  Rendering devise/sessions/new.html.erb within layouts/application
  Rendered devise/shared/_links.html.erb (1.1ms)
  Rendered devise/sessions/new.html.erb within layouts/application (27.4ms)
Completed 200 OK in 59ms (Views: 38.5ms | ActiveRecord: 0.7ms)


Started GET "/users/sign_up" for ::1 at 2019-12-16 17:06:43 +0100
Processing by Devise::RegistrationsController#new as HTML
  Rendering devise/registrations/new.html.erb within layouts/application
  Rendered devise/shared/_error_messages.html.erb (0.7ms)
  Rendered devise/shared/_links.html.erb (1.2ms)
  Rendered devise/registrations/new.html.erb within layouts/application (6.4ms)
Completed 200 OK in 22ms (Views: 20.6ms | ActiveRecord: 0.0ms)


Started POST "/users" for ::1 at 2019-12-16 17:06:52 +0100
Processing by Devise::RegistrationsController#create as HTML
  Parameters: {"utf8"=>"✓", "authenticity_token"=>"RuRZuUMj0Gr9+3ACR/2w957EImQMLfebD8hYIjMggc9bOXqo36Uc6EnHI41TmiFtwXX4m5FmSOcshpvBEDq4jA==", "user"=>{"email"=>"adresseadechet0212@gmail.com", "password"=>"[FILTERED]", "password_confirmation"=>"[FILTERED]"}, "commit"=>"Sign up"}
  [1m[35m (0.1ms)[0m  [1m[36mbegin transaction[0m
  [1m[36mUser Exists (0.2ms)[0m  [1m[34mSELECT  1 AS one FROM "users" WHERE "users"."email" = ? LIMIT ?[0m  [["email", "adresseadechet0212@gmail.com"], ["LIMIT", 1]]
  [1m[35mSQL (0.3ms)[0m  [1m[32mINSERT INTO "users" ("email", "encrypted_password", "created_at", "updated_at") VALUES (?, ?, ?, ?)[0m  [["email", "adresseadechet0212@gmail.com"], ["encrypted_password", "$2a$11$ACYWa1mk1x0cvYW1oLkAfeSjr/4ReMgGD7w1OZQK57vu5h8bqWgXq"], ["created_at", "2019-12-16 16:06:53.087628"], ["updated_at", "2019-12-16 16:06:53.087628"]]
  [1m[35m (2.3ms)[0m  [1m[36mcommit transaction[0m
Redirected to http://localhost:3000/
Completed 302 Found in 153ms (ActiveRecord: 2.9ms)


Started GET "/" for ::1 at 2019-12-16 17:06:53 +0100
Processing by HomeController#index as HTML
  Rendering home/index.html.erb within layouts/application
  Rendered home/index.html.erb within layouts/application (0.6ms)
Completed 200 OK in 16ms (Views: 14.1ms | ActiveRecord: 0.0ms)


Started GET "/users/sign_in" for ::1 at 2019-12-16 17:10:01 +0100
Processing by Devise::SessionsController#new as HTML
  [1m[36mUser Load (0.5ms)[0m  [1m[34mSELECT  "users".* FROM "users" WHERE "users"."id" = ? ORDER BY "users"."id" ASC LIMIT ?[0m  [["id", 1], ["LIMIT", 1]]
Redirected to http://localhost:3000/
Filter chain halted as :require_no_authentication rendered or redirected
Completed 302 Found in 116ms (ActiveRecord: 0.5ms)


Started GET "/" for ::1 at 2019-12-16 17:10:01 +0100
Processing by HomeController#index as HTML
  Rendering home/index.html.erb within layouts/application
  Rendered home/index.html.erb within layouts/application (0.6ms)
Completed 200 OK in 17ms (Views: 15.3ms | ActiveRecord: 0.0ms)


Started GET "/users/sign_in" for ::1 at 2019-12-16 17:10:10 +0100
Processing by Devise::SessionsController#new as HTML
  [1m[36mUser Load (0.4ms)[0m  [1m[34mSELECT  "users".* FROM "users" WHERE "users"."id" = ? ORDER BY "users"."id" ASC LIMIT ?[0m  [["id", 1], ["LIMIT", 1]]
Redirected to http://localhost:3000/
Filter chain halted as :require_no_authentication rendered or redirected
Completed 302 Found in 4ms (ActiveRecord: 0.4ms)


Started GET "/" for ::1 at 2019-12-16 17:10:10 +0100
Processing by HomeController#index as HTML
  Rendering home/index.html.erb within layouts/application
  Rendered home/index.html.erb within layouts/application (0.5ms)
Completed 200 OK in 17ms (Views: 15.0ms | ActiveRecord: 0.0ms)


Started GET "/users/sign_in" for ::1 at 2019-12-16 17:10:10 +0100
Processing by Devise::SessionsController#new as HTML
  [1m[36mUser Load (0.2ms)[0m  [1m[34mSELECT  "users".* FROM "users" WHERE "users"."id" = ? ORDER BY "users"."id" ASC LIMIT ?[0m  [["id", 1], ["LIMIT", 1]]
Redirected to http://localhost:3000/
Filter chain halted as :require_no_authentication rendered or redirected
Completed 302 Found in 2ms (ActiveRecord: 0.2ms)


Started GET "/" for ::1 at 2019-12-16 17:10:10 +0100
Processing by HomeController#index as HTML
  Rendering home/index.html.erb within layouts/application
  Rendered home/index.html.erb within layouts/application (0.5ms)
Completed 200 OK in 16ms (Views: 14.9ms | ActiveRecord: 0.0ms)


Started GET "/users/sign_in" for ::1 at 2019-12-16 17:10:10 +0100
Processing by Devise::SessionsController#new as HTML
  [1m[36mUser Load (0.2ms)[0m  [1m[34mSELECT  "users".* FROM "users" WHERE "users"."id" = ? ORDER BY "users"."id" ASC LIMIT ?[0m  [["id", 1], ["LIMIT", 1]]
Redirected to http://localhost:3000/
Filter chain halted as :require_no_authentication rendered or redirected
Completed 302 Found in 2ms (ActiveRecord: 0.2ms)


Started GET "/" for ::1 at 2019-12-16 17:10:10 +0100
Processing by HomeController#index as HTML
  Rendering home/index.html.erb within layouts/application
  Rendered home/index.html.erb within layouts/application (0.6ms)
Completed 200 OK in 15ms (Views: 13.8ms | ActiveRecord: 0.0ms)


Started GET "/users/sign_in" for ::1 at 2019-12-16 17:10:11 +0100
Processing by Devise::SessionsController#new as HTML
  [1m[36mUser Load (0.3ms)[0m  [1m[34mSELECT  "users".* FROM "users" WHERE "users"."id" = ? ORDER BY "users"."id" ASC LIMIT ?[0m  [["id", 1], ["LIMIT", 1]]
Redirected to http://localhost:3000/
Filter chain halted as :require_no_authentication rendered or redirected
Completed 302 Found in 3ms (ActiveRecord: 0.3ms)


Started GET "/" for ::1 at 2019-12-16 17:10:11 +0100
Processing by HomeController#index as HTML
  Rendering home/index.html.erb within layouts/application
  Rendered home/index.html.erb within layouts/application (0.6ms)
Completed 200 OK in 16ms (Views: 14.8ms | ActiveRecord: 0.0ms)


Started GET "/users/sign_in" for ::1 at 2019-12-16 17:10:13 +0100
Processing by Devise::SessionsController#new as HTML
  [1m[36mUser Load (0.4ms)[0m  [1m[34mSELECT  "users".* FROM "users" WHERE "users"."id" = ? ORDER BY "users"."id" ASC LIMIT ?[0m  [["id", 1], ["LIMIT", 1]]
Redirected to http://localhost:3000/
Filter chain halted as :require_no_authentication rendered or redirected
Completed 302 Found in 3ms (ActiveRecord: 0.4ms)


Started GET "/" for ::1 at 2019-12-16 17:10:13 +0100
Processing by HomeController#index as HTML
  Rendering home/index.html.erb within layouts/application
  Rendered home/index.html.erb within layouts/application (0.5ms)
Completed 200 OK in 13ms (Views: 12.0ms | ActiveRecord: 0.0ms)


Started GET "/users/sign_in" for ::1 at 2019-12-16 17:10:13 +0100
Processing by Devise::SessionsController#new as HTML
  [1m[36mUser Load (0.3ms)[0m  [1m[34mSELECT  "users".* FROM "users" WHERE "users"."id" = ? ORDER BY "users"."id" ASC LIMIT ?[0m  [["id", 1], ["LIMIT", 1]]
Redirected to http://localhost:3000/
Filter chain halted as :require_no_authentication rendered or redirected
Completed 302 Found in 2ms (ActiveRecord: 0.3ms)


Started GET "/" for ::1 at 2019-12-16 17:10:13 +0100
Processing by HomeController#index as HTML
  Rendering home/index.html.erb within layouts/application
  Rendered home/index.html.erb within layouts/application (0.7ms)
Completed 200 OK in 21ms (Views: 19.8ms | ActiveRecord: 0.0ms)


Started GET "/users/sign_in" for ::1 at 2019-12-16 17:10:13 +0100
Processing by Devise::SessionsController#new as HTML
  [1m[36mUser Load (0.3ms)[0m  [1m[34mSELECT  "users".* FROM "users" WHERE "users"."id" = ? ORDER BY "users"."id" ASC LIMIT ?[0m  [["id", 1], ["LIMIT", 1]]
Redirected to http://localhost:3000/
Filter chain halted as :require_no_authentication rendered or redirected
Completed 302 Found in 3ms (ActiveRecord: 0.3ms)


Started GET "/" for ::1 at 2019-12-16 17:10:13 +0100
Processing by HomeController#index as HTML
  Rendering home/index.html.erb within layouts/application
  Rendered home/index.html.erb within layouts/application (0.5ms)
Completed 200 OK in 14ms (Views: 12.9ms | ActiveRecord: 0.0ms)


Started GET "/users/sign_in" for ::1 at 2019-12-16 17:10:14 +0100
Processing by Devise::SessionsController#new as HTML
  [1m[36mUser Load (0.3ms)[0m  [1m[34mSELECT  "users".* FROM "users" WHERE "users"."id" = ? ORDER BY "users"."id" ASC LIMIT ?[0m  [["id", 1], ["LIMIT", 1]]
Redirected to http://localhost:3000/
Filter chain halted as :require_no_authentication rendered or redirected
Completed 302 Found in 2ms (ActiveRecord: 0.3ms)


Started GET "/" for ::1 at 2019-12-16 17:10:14 +0100
Processing by HomeController#index as HTML
  Rendering home/index.html.erb within layouts/application
  Rendered home/index.html.erb within layouts/application (1.2ms)
Completed 200 OK in 14ms (Views: 12.1ms | ActiveRecord: 0.0ms)


Started GET "/" for ::1 at 2019-12-16 17:11:09 +0100
Processing by HomeController#index as HTML
  Rendering home/index.html.erb within layouts/application
  Rendered home/index.html.erb within layouts/application (1.1ms)
Completed 200 OK in 19ms (Views: 18.1ms | ActiveRecord: 0.0ms)


Started GET "/users/sign_out" for ::1 at 2019-12-16 17:11:10 +0100
  
ActionController::RoutingError (No route matches [GET] "/users/sign_out"):
  
actionpack (5.1.7) lib/action_dispatch/middleware/debug_exceptions.rb:63:in `call'
web-console (3.7.0) lib/web_console/middleware.rb:135:in `call_app'
web-console (3.7.0) lib/web_console/middleware.rb:30:in `block in call'
web-console (3.7.0) lib/web_console/middleware.rb:20:in `catch'
web-console (3.7.0) lib/web_console/middleware.rb:20:in `call'
actionpack (5.1.7) lib/action_dispatch/middleware/show_exceptions.rb:31:in `call'
railties (5.1.7) lib/rails/rack/logger.rb:36:in `call_app'
railties (5.1.7) lib/rails/rack/logger.rb:24:in `block in call'
activesupport (5.1.7) lib/active_support/tagged_logging.rb:69:in `block in tagged'
activesupport (5.1.7) lib/active_support/tagged_logging.rb:26:in `tagged'
activesupport (5.1.7) lib/active_support/tagged_logging.rb:69:in `tagged'
railties (5.1.7) lib/rails/rack/logger.rb:24:in `call'
sprockets-rails (3.2.1) lib/sprockets/rails/quiet_assets.rb:13:in `call'
actionpack (5.1.7) lib/action_dispatch/middleware/remote_ip.rb:79:in `call'
actionpack (5.1.7) lib/action_dispatch/middleware/request_id.rb:25:in `call'
rack (2.0.7) lib/rack/method_override.rb:22:in `call'
rack (2.0.7) lib/rack/runtime.rb:22:in `call'
activesupport (5.1.7) lib/active_support/cache/strategy/local_cache_middleware.rb:27:in `call'
actionpack (5.1.7) lib/action_dispatch/middleware/executor.rb:12:in `call'
actionpack (5.1.7) lib/action_dispatch/middleware/static.rb:125:in `call'
rack (2.0.7) lib/rack/sendfile.rb:111:in `call'
railties (5.1.7) lib/rails/engine.rb:522:in `call'
puma (3.12.2) lib/puma/configuration.rb:227:in `call'
puma (3.12.2) lib/puma/server.rb:674:in `handle_request'
puma (3.12.2) lib/puma/server.rb:476:in `process_client'
puma (3.12.2) lib/puma/server.rb:334:in `block in run'
puma (3.12.2) lib/puma/thread_pool.rb:135:in `block in spawn_thread'
Started GET "/" for ::1 at 2019-12-16 17:11:42 +0100
  [1m[35m (0.1ms)[0m  [1m[34mSELECT "schema_migrations"."version" FROM "schema_migrations" ORDER BY "schema_migrations"."version" ASC[0m
Processing by HomeController#index as HTML
  Rendering home/index.html.erb within layouts/application
  Rendered home/index.html.erb within layouts/application (0.9ms)
Completed 200 OK in 207ms (Views: 201.7ms | ActiveRecord: 0.0ms)


Started GET "/users/sign_out" for ::1 at 2019-12-16 17:11:44 +0100
  
ActionController::RoutingError (No route matches [GET] "/users/sign_out"):
  
actionpack (5.1.7) lib/action_dispatch/middleware/debug_exceptions.rb:63:in `call'
web-console (3.7.0) lib/web_console/middleware.rb:135:in `call_app'
web-console (3.7.0) lib/web_console/middleware.rb:30:in `block in call'
web-console (3.7.0) lib/web_console/middleware.rb:20:in `catch'
web-console (3.7.0) lib/web_console/middleware.rb:20:in `call'
actionpack (5.1.7) lib/action_dispatch/middleware/show_exceptions.rb:31:in `call'
railties (5.1.7) lib/rails/rack/logger.rb:36:in `call_app'
railties (5.1.7) lib/rails/rack/logger.rb:24:in `block in call'
activesupport (5.1.7) lib/active_support/tagged_logging.rb:69:in `block in tagged'
activesupport (5.1.7) lib/active_support/tagged_logging.rb:26:in `tagged'
activesupport (5.1.7) lib/active_support/tagged_logging.rb:69:in `tagged'
railties (5.1.7) lib/rails/rack/logger.rb:24:in `call'
sprockets-rails (3.2.1) lib/sprockets/rails/quiet_assets.rb:13:in `call'
actionpack (5.1.7) lib/action_dispatch/middleware/remote_ip.rb:79:in `call'
actionpack (5.1.7) lib/action_dispatch/middleware/request_id.rb:25:in `call'
rack (2.0.7) lib/rack/method_override.rb:22:in `call'
rack (2.0.7) lib/rack/runtime.rb:22:in `call'
activesupport (5.1.7) lib/active_support/cache/strategy/local_cache_middleware.rb:27:in `call'
actionpack (5.1.7) lib/action_dispatch/middleware/executor.rb:12:in `call'
actionpack (5.1.7) lib/action_dispatch/middleware/static.rb:125:in `call'
rack (2.0.7) lib/rack/sendfile.rb:111:in `call'
railties (5.1.7) lib/rails/engine.rb:522:in `call'
puma (3.12.2) lib/puma/configuration.rb:227:in `call'
puma (3.12.2) lib/puma/server.rb:674:in `handle_request'
puma (3.12.2) lib/puma/server.rb:476:in `process_client'
puma (3.12.2) lib/puma/server.rb:334:in `block in run'
puma (3.12.2) lib/puma/thread_pool.rb:135:in `block in spawn_thread'
Started GET "/" for ::1 at 2019-12-16 17:11:45 +0100
Processing by HomeController#index as HTML
  Rendering home/index.html.erb within layouts/application
  Rendered home/index.html.erb within layouts/application (0.8ms)
Completed 200 OK in 15ms (Views: 13.4ms | ActiveRecord: 0.0ms)


Started GET "/users/sign_out" for ::1 at 2019-12-16 17:11:46 +0100
  
ActionController::RoutingError (No route matches [GET] "/users/sign_out"):
  
actionpack (5.1.7) lib/action_dispatch/middleware/debug_exceptions.rb:63:in `call'
web-console (3.7.0) lib/web_console/middleware.rb:135:in `call_app'
web-console (3.7.0) lib/web_console/middleware.rb:30:in `block in call'
web-console (3.7.0) lib/web_console/middleware.rb:20:in `catch'
web-console (3.7.0) lib/web_console/middleware.rb:20:in `call'
actionpack (5.1.7) lib/action_dispatch/middleware/show_exceptions.rb:31:in `call'
railties (5.1.7) lib/rails/rack/logger.rb:36:in `call_app'
railties (5.1.7) lib/rails/rack/logger.rb:24:in `block in call'
activesupport (5.1.7) lib/active_support/tagged_logging.rb:69:in `block in tagged'
activesupport (5.1.7) lib/active_support/tagged_logging.rb:26:in `tagged'
activesupport (5.1.7) lib/active_support/tagged_logging.rb:69:in `tagged'
railties (5.1.7) lib/rails/rack/logger.rb:24:in `call'
sprockets-rails (3.2.1) lib/sprockets/rails/quiet_assets.rb:13:in `call'
actionpack (5.1.7) lib/action_dispatch/middleware/remote_ip.rb:79:in `call'
actionpack (5.1.7) lib/action_dispatch/middleware/request_id.rb:25:in `call'
rack (2.0.7) lib/rack/method_override.rb:22:in `call'
rack (2.0.7) lib/rack/runtime.rb:22:in `call'
activesupport (5.1.7) lib/active_support/cache/strategy/local_cache_middleware.rb:27:in `call'
actionpack (5.1.7) lib/action_dispatch/middleware/executor.rb:12:in `call'
actionpack (5.1.7) lib/action_dispatch/middleware/static.rb:125:in `call'
rack (2.0.7) lib/rack/sendfile.rb:111:in `call'
railties (5.1.7) lib/rails/engine.rb:522:in `call'
puma (3.12.2) lib/puma/configuration.rb:227:in `call'
puma (3.12.2) lib/puma/server.rb:674:in `handle_request'
puma (3.12.2) lib/puma/server.rb:476:in `process_client'
puma (3.12.2) lib/puma/server.rb:334:in `block in run'
puma (3.12.2) lib/puma/thread_pool.rb:135:in `block in spawn_thread'
Started GET "/" for ::1 at 2019-12-16 17:11:47 +0100
Processing by HomeController#index as HTML
  Rendering home/index.html.erb within layouts/application
  Rendered home/index.html.erb within layouts/application (0.8ms)
Completed 200 OK in 16ms (Views: 14.8ms | ActiveRecord: 0.0ms)


Started GET "/" for ::1 at 2019-12-16 17:12:55 +0100
Processing by HomeController#index as HTML
  Rendering home/index.html.erb within layouts/application
  [1m[36mUser Load (0.4ms)[0m  [1m[34mSELECT  "users".* FROM "users" WHERE "users"."id" = ? ORDER BY "users"."id" ASC LIMIT ?[0m  [["id", 1], ["LIMIT", 1]]
  Rendered home/index.html.erb within layouts/application (22.4ms)
Completed 200 OK in 50ms (Views: 47.0ms | ActiveRecord: 1.3ms)


Started GET "/" for ::1 at 2019-12-16 17:13:38 +0100
Processing by HomeController#index as HTML
  Rendering home/index.html.erb within layouts/application
  [1m[36mUser Load (0.4ms)[0m  [1m[34mSELECT  "users".* FROM "users" WHERE "users"."id" = ? ORDER BY "users"."id" ASC LIMIT ?[0m  [["id", 1], ["LIMIT", 1]]
  Rendered home/index.html.erb within layouts/application (5.8ms)
Completed 200 OK in 23ms (Views: 21.1ms | ActiveRecord: 0.4ms)


Started GET "/" for ::1 at 2019-12-16 17:15:57 +0100
Processing by HomeController#index as HTML
  Rendering home/index.html.erb within layouts/application
  [1m[36mUser Load (0.5ms)[0m  [1m[34mSELECT  "users".* FROM "users" WHERE "users"."id" = ? ORDER BY "users"."id" ASC LIMIT ?[0m  [["id", 1], ["LIMIT", 1]]
  Rendered home/index.html.erb within layouts/application (6.3ms)
Completed 200 OK in 24ms (Views: 21.9ms | ActiveRecord: 0.5ms)


Started GET "/" for ::1 at 2019-12-16 17:15:58 +0100
Processing by HomeController#index as HTML
  Rendering home/index.html.erb within layouts/application
  [1m[36mUser Load (0.4ms)[0m  [1m[34mSELECT  "users".* FROM "users" WHERE "users"."id" = ? ORDER BY "users"."id" ASC LIMIT ?[0m  [["id", 1], ["LIMIT", 1]]
  Rendered home/index.html.erb within layouts/application (4.4ms)
Completed 200 OK in 21ms (Views: 19.7ms | ActiveRecord: 0.4ms)


Started DELETE "/users/sign_out" for ::1 at 2019-12-16 17:15:59 +0100
Processing by Devise::SessionsController#destroy as HTML
  Parameters: {"authenticity_token"=>"b5vF5/Y+BP0HEAXVGmWgh1eCsQH5g4EJL35Bjm78HmTCp80rLRDw5Vb8YWh7D3bHlRSLuFl3OkNqrlWDSXQ/XA=="}
  [1m[36mUser Load (0.2ms)[0m  [1m[34mSELECT  "users".* FROM "users" WHERE "users"."id" = ? ORDER BY "users"."id" ASC LIMIT ?[0m  [["id", 1], ["LIMIT", 1]]
  [1m[35m (0.2ms)[0m  [1m[36mbegin transaction[0m
  [1m[35m (0.1ms)[0m  [1m[36mcommit transaction[0m
Redirected to http://localhost:3000/
Completed 302 Found in 224ms (ActiveRecord: 0.5ms)


Started GET "/" for ::1 at 2019-12-16 17:16:00 +0100
Processing by HomeController#index as HTML
  Rendering home/index.html.erb within layouts/application
  Rendered home/index.html.erb within layouts/application (4.0ms)
Completed 200 OK in 18ms (Views: 16.1ms | ActiveRecord: 0.0ms)


Started GET "/users/sign_in" for ::1 at 2019-12-16 17:16:02 +0100
Processing by Devise::SessionsController#new as HTML
  Rendering devise/sessions/new.html.erb within layouts/application
  Rendered devise/shared/_links.html.erb (1.1ms)
  Rendered devise/sessions/new.html.erb within layouts/application (8.6ms)
Completed 200 OK in 27ms (Views: 24.0ms | ActiveRecord: 0.0ms)


Started POST "/users/sign_in" for ::1 at 2019-12-16 17:16:16 +0100
Processing by Devise::SessionsController#create as HTML
  Parameters: {"utf8"=>"✓", "authenticity_token"=>"xrY4RXDKp+Fdun6YckB+7t/+mdIzDYSMkCLy2jgagZALGx2bSvChD+HVXvzoI/bvJU+veb4uhEaQYMm2xvU0+A==", "user"=>{"email"=>"adresseadechet0212@gmail.com", "password"=>"[FILTERED]", "remember_me"=>"0"}, "commit"=>"Log in"}
  [1m[36mUser Load (0.5ms)[0m  [1m[34mSELECT  "users".* FROM "users" WHERE "users"."email" = ? ORDER BY "users"."id" ASC LIMIT ?[0m  [["email", "adresseadechet0212@gmail.com"], ["LIMIT", 1]]
Redirected to http://localhost:3000/
Completed 302 Found in 334ms (ActiveRecord: 0.5ms)


Started GET "/" for ::1 at 2019-12-16 17:16:16 +0100
Processing by HomeController#index as HTML
  Rendering home/index.html.erb within layouts/application
  [1m[36mUser Load (0.3ms)[0m  [1m[34mSELECT  "users".* FROM "users" WHERE "users"."id" = ? ORDER BY "users"."id" ASC LIMIT ?[0m  [["id", 1], ["LIMIT", 1]]
  Rendered home/index.html.erb within layouts/application (3.4ms)
Completed 200 OK in 16ms (Views: 14.8ms | ActiveRecord: 0.3ms)


  [1m[36mUser Load (0.2ms)[0m  [1m[34mSELECT  "users".* FROM "users" ORDER BY "users"."id" DESC LIMIT ?[0m  [["LIMIT", 1]]
Started GET "/" for ::1 at 2019-12-16 17:19:28 +0100
Processing by HomeController#index as HTML
  Rendering home/index.html.erb within layouts/application
  [1m[36mUser Load (0.4ms)[0m  [1m[34mSELECT  "users".* FROM "users" WHERE "users"."id" = ? ORDER BY "users"."id" ASC LIMIT ?[0m  [["id", 1], ["LIMIT", 1]]
  Rendered home/index.html.erb within layouts/application (5.0ms)
Completed 200 OK in 22ms (Views: 19.8ms | ActiveRecord: 0.4ms)


Started DELETE "/users/sign_out" for ::1 at 2019-12-16 17:19:32 +0100
Processing by Devise::SessionsController#destroy as HTML
  Parameters: {"authenticity_token"=>"E0YZ2sMX3oGY5zLJcGEN+o2+0r2WuoXu9nEXXPiSUUy0YqNjnUJD6QCCEHsZuuk5Rz7sbJpyZyOXyHWVj+LZxA=="}
  [1m[36mUser Load (0.4ms)[0m  [1m[34mSELECT  "users".* FROM "users" WHERE "users"."id" = ? ORDER BY "users"."id" ASC LIMIT ?[0m  [["id", 1], ["LIMIT", 1]]
  [1m[35m (0.1ms)[0m  [1m[36mbegin transaction[0m
  [1m[35m (0.1ms)[0m  [1m[36mcommit transaction[0m
Redirected to http://localhost:3000/
Completed 302 Found in 5ms (ActiveRecord: 0.5ms)


Started GET "/" for ::1 at 2019-12-16 17:19:32 +0100
Processing by HomeController#index as HTML
  Rendering home/index.html.erb within layouts/application
  Rendered home/index.html.erb within layouts/application (1.5ms)
Completed 200 OK in 18ms (Views: 16.7ms | ActiveRecord: 0.0ms)


Started GET "/" for ::1 at 2019-12-16 17:19:34 +0100
Processing by HomeController#index as HTML
  Rendering home/index.html.erb within layouts/application
  Rendered home/index.html.erb within layouts/application (1.5ms)
Completed 200 OK in 19ms (Views: 17.8ms | ActiveRecord: 0.0ms)


Started GET "/users/sign_in" for ::1 at 2019-12-16 17:19:41 +0100
Processing by Devise::SessionsController#new as HTML
  Rendering devise/sessions/new.html.erb within layouts/application
  Rendered devise/shared/_links.html.erb (8.1ms)
  Rendered devise/sessions/new.html.erb within layouts/application (13.0ms)
Completed 200 OK in 29ms (Views: 26.8ms | ActiveRecord: 0.0ms)


Started GET "/users/sign_in" for ::1 at 2019-12-16 17:19:50 +0100
Processing by Devise::SessionsController#new as HTML
  Rendering devise/sessions/new.html.erb within layouts/application
  Rendered devise/shared/_links.html.erb (1.2ms)
  Rendered devise/sessions/new.html.erb within layouts/application (7.2ms)
Completed 200 OK in 24ms (Views: 21.8ms | ActiveRecord: 0.0ms)


Started GET "/users/sign_in" for ::1 at 2019-12-16 17:19:51 +0100
Processing by Devise::SessionsController#new as HTML
  Rendering devise/sessions/new.html.erb within layouts/application
  Rendered devise/shared/_links.html.erb (1.0ms)
  Rendered devise/sessions/new.html.erb within layouts/application (6.9ms)
Completed 200 OK in 25ms (Views: 23.5ms | ActiveRecord: 0.0ms)


Started GET "/users/sign_in" for ::1 at 2019-12-16 17:19:51 +0100
Processing by Devise::SessionsController#new as HTML
  Rendering devise/sessions/new.html.erb within layouts/application
  Rendered devise/shared/_links.html.erb (2.0ms)
  Rendered devise/sessions/new.html.erb within layouts/application (7.1ms)
Completed 200 OK in 23ms (Views: 21.1ms | ActiveRecord: 0.0ms)


Started GET "/users/sign_in" for ::1 at 2019-12-16 17:19:51 +0100
Processing by Devise::SessionsController#new as HTML
  Rendering devise/sessions/new.html.erb within layouts/application
  Rendered devise/shared/_links.html.erb (1.1ms)
  Rendered devise/sessions/new.html.erb within layouts/application (4.5ms)
Completed 200 OK in 23ms (Views: 20.5ms | ActiveRecord: 0.0ms)


Started POST "/users/sign_in" for ::1 at 2019-12-16 17:19:57 +0100
Processing by Devise::SessionsController#create as HTML
  Parameters: {"utf8"=>"✓", "authenticity_token"=>"JC8H4HDe3K6tFc6fFsyPXHOR3rXvz3mV/iJhqnL7qlxpHgW/DcofdfSYRAbUPjP2+Gf21VuAlIGpNIZBoZkI/w==", "user"=>{"email"=>"adresseadechet0212@gmail.com", "password"=>"[FILTERED]", "remember_me"=>"0"}, "commit"=>"Log in"}
  [1m[36mUser Load (0.5ms)[0m  [1m[34mSELECT  "users".* FROM "users" WHERE "users"."email" = ? ORDER BY "users"."id" ASC LIMIT ?[0m  [["email", "adresseadechet0212@gmail.com"], ["LIMIT", 1]]
Redirected to http://localhost:3000/
Completed 302 Found in 136ms (ActiveRecord: 0.5ms)


Started GET "/" for ::1 at 2019-12-16 17:19:57 +0100
Processing by HomeController#index as HTML
  Rendering home/index.html.erb within layouts/application
  [1m[36mUser Load (0.2ms)[0m  [1m[34mSELECT  "users".* FROM "users" WHERE "users"."id" = ? ORDER BY "users"."id" ASC LIMIT ?[0m  [["id", 1], ["LIMIT", 1]]
  Rendered home/index.html.erb within layouts/application (2.7ms)
Completed 200 OK in 15ms (Views: 13.8ms | ActiveRecord: 0.2ms)


Started DELETE "/users/sign_out" for ::1 at 2019-12-16 17:34:02 +0100
Processing by Devise::SessionsController#destroy as HTML
  Parameters: {"authenticity_token"=>"fAv5idbJ8Si4aJ3T1HnWt1X8z/z8inkWivCAjRWRteyyt+2GpKSofs0S3cAFE29+zBRWyjfH6H7NuTU7frAbOQ=="}
  [1m[36mUser Load (0.4ms)[0m  [1m[34mSELECT  "users".* FROM "users" WHERE "users"."id" = ? ORDER BY "users"."id" ASC LIMIT ?[0m  [["id", 1], ["LIMIT", 1]]
  [1m[35m (0.1ms)[0m  [1m[36mbegin transaction[0m
  [1m[35m (0.1ms)[0m  [1m[36mcommit transaction[0m
Redirected to http://localhost:3000/
Completed 302 Found in 5ms (ActiveRecord: 0.5ms)


Started GET "/" for ::1 at 2019-12-16 17:34:02 +0100
Processing by HomeController#index as HTML
  Rendering home/index.html.erb within layouts/application
  Rendered home/index.html.erb within layouts/application (1.5ms)
Completed 200 OK in 19ms (Views: 18.0ms | ActiveRecord: 0.0ms)


Started GET "/" for ::1 at 2019-12-16 17:34:12 +0100
Processing by HomeController#index as HTML
  Rendering home/index.html.erb within layouts/application
  Rendered home/index.html.erb within layouts/application (0.7ms)
Completed 200 OK in 21ms (Views: 19.4ms | ActiveRecord: 0.0ms)


Started GET "/users/sign_in" for ::1 at 2019-12-16 17:34:24 +0100
Processing by Devise::SessionsController#new as HTML
  Rendering devise/sessions/new.html.erb within layouts/application
  Rendered devise/shared/_links.html.erb (1.2ms)
  Rendered devise/sessions/new.html.erb within layouts/application (4.5ms)
Completed 200 OK in 22ms (Views: 20.3ms | ActiveRecord: 0.0ms)


Started GET "/users/password/new" for ::1 at 2019-12-16 17:34:28 +0100
Processing by Devise::PasswordsController#new as HTML
  Rendering devise/passwords/new.html.erb within layouts/application
  Rendered devise/shared/_error_messages.html.erb (0.4ms)
  Rendered devise/shared/_links.html.erb (0.9ms)
  Rendered devise/passwords/new.html.erb within layouts/application (3.8ms)
Completed 200 OK in 25ms (Views: 22.5ms | ActiveRecord: 0.0ms)


  [1m[35m (0.3ms)[0m  [1m[34mSELECT "schema_migrations"."version" FROM "schema_migrations" ORDER BY "schema_migrations"."version" ASC[0m
Migrating to AddColToUsers (20191216164306)
  [1m[35m (0.1ms)[0m  [1m[36mbegin transaction[0m
  [1m[35m (0.6ms)[0m  [1m[35mALTER TABLE "users" ADD "first_name" varchar[0m
  [1m[35m (0.3ms)[0m  [1m[35mALTER TABLE "users" ADD "last_name" varchar[0m
  [1m[35mSQL (0.3ms)[0m  [1m[32mINSERT INTO "schema_migrations" ("version") VALUES (?)[0m  [["version", "20191216164306"]]
  [1m[35m (1.9ms)[0m  [1m[36mcommit transaction[0m
  [1m[36mActiveRecord::InternalMetadata Load (0.2ms)[0m  [1m[34mSELECT  "ar_internal_metadata".* FROM "ar_internal_metadata" WHERE "ar_internal_metadata"."key" = ? LIMIT ?[0m  [["key", "environment"], ["LIMIT", 1]]
  [1m[35m (0.1ms)[0m  [1m[36mbegin transaction[0m
  [1m[35m (0.0ms)[0m  [1m[36mcommit transaction[0m
  [1m[35m (0.1ms)[0m  [1m[34mSELECT "schema_migrations"."version" FROM "schema_migrations" ORDER BY "schema_migrations"."version" ASC[0m
  [1m[35m (0.1ms)[0m  [1m[34m            SELECT sql
            FROM sqlite_master
            WHERE name='index_users_on_reset_password_token' AND type='index'
            UNION ALL
            SELECT sql
            FROM sqlite_temp_master
            WHERE name='index_users_on_reset_password_token' AND type='index'
[0m
  [1m[35m (0.1ms)[0m  [1m[34m            SELECT sql
            FROM sqlite_master
            WHERE name='index_users_on_email' AND type='index'
            UNION ALL
            SELECT sql
            FROM sqlite_temp_master
            WHERE name='index_users_on_email' AND type='index'
[0m
Started GET "/users/sign_up" for ::1 at 2019-12-16 17:45:54 +0100
  [1m[35m (0.1ms)[0m  [1m[34mSELECT "schema_migrations"."version" FROM "schema_migrations" ORDER BY "schema_migrations"."version" ASC[0m
Processing by Devise::RegistrationsController#new as HTML
  Rendering devise/registrations/new.html.erb within layouts/application
  Rendered devise/registrations/new.html.erb within layouts/application (1.0ms)
Completed 500 Internal Server Error in 37ms (ActiveRecord: 1.0ms)


  
SyntaxError (/home/jimmy/code/BBBRK/ez-rider/app/views/devise/registrations/new.html.erb:8: syntax error, unexpected keyword_true, expecting ')'
...il_field :email, :required true, autofocus: true, autocomple...
...                           ^~~~
/home/jimmy/code/BBBRK/ez-rider/app/views/devise/registrations/new.html.erb:8: Can't assign to true
...l_field :email, :required true, autofocus: true, autocomplet...
...                              ^
/home/jimmy/code/BBBRK/ez-rider/app/views/devise/registrations/new.html.erb:8: Can't assign to true
...required true, autofocus: true, autocomplete: "email" );@out...
...                              ^
/home/jimmy/code/BBBRK/ez-rider/app/views/devise/registrations/new.html.erb:13: syntax error, unexpected keyword_true, expecting ')'
...il_field :email, :required true, autocomplete: "email" );@ou...
...                           ^~~~
/home/jimmy/code/BBBRK/ez-rider/app/views/devise/registrations/new.html.erb:13: Can't assign to true
...l_field :email, :required true, autocomplete: "email" );@out...
...                              ^
/home/jimmy/code/BBBRK/ez-rider/app/views/devise/registrations/new.html.erb:18: syntax error, unexpected keyword_true, expecting ')'
...il_field :email, :required true, autocomplete: "email" );@ou...
...                           ^~~~
/home/jimmy/code/BBBRK/ez-rider/app/views/devise/registrations/new.html.erb:18: Can't assign to true
...l_field :email, :required true, autocomplete: "email" );@out...
...                              ^):
  
app/views/devise/registrations/new.html.erb:8: syntax error, unexpected keyword_true, expecting ')'
app/views/devise/registrations/new.html.erb:8: Can't assign to true
app/views/devise/registrations/new.html.erb:8: Can't assign to true
app/views/devise/registrations/new.html.erb:13: syntax error, unexpected keyword_true, expecting ')'
app/views/devise/registrations/new.html.erb:13: Can't assign to true
app/views/devise/registrations/new.html.erb:18: syntax error, unexpected keyword_true, expecting ')'
app/views/devise/registrations/new.html.erb:18: Can't assign to true
Started GET "/users/sign_up" for ::1 at 2019-12-16 17:47:01 +0100
Processing by Devise::RegistrationsController#new as HTML
  Rendering devise/registrations/new.html.erb within layouts/application
  Rendered devise/registrations/new.html.erb within layouts/application (1.0ms)
Completed 500 Internal Server Error in 4ms (ActiveRecord: 0.0ms)


  
SyntaxError (/home/jimmy/code/BBBRK/ez-rider/app/views/devise/registrations/new.html.erb:8: syntax error, unexpected keyword_true, expecting ')'
...il_field :email, :required true, autofocus: true, autocomple...
...                           ^~~~
/home/jimmy/code/BBBRK/ez-rider/app/views/devise/registrations/new.html.erb:8: Can't assign to true
...l_field :email, :required true, autofocus: true, autocomplet...
...                              ^
/home/jimmy/code/BBBRK/ez-rider/app/views/devise/registrations/new.html.erb:8: Can't assign to true
...required true, autofocus: true, autocomplete: "email" );@out...
...                              ^
/home/jimmy/code/BBBRK/ez-rider/app/views/devise/registrations/new.html.erb:13: syntax error, unexpected keyword_true, expecting ')'
...put :first_name, :required true, autocomplete: "email" );@ou...
...                           ^~~~
/home/jimmy/code/BBBRK/ez-rider/app/views/devise/registrations/new.html.erb:13: Can't assign to true
...ut :first_name, :required true, autocomplete: "email" );@out...
...                              ^
/home/jimmy/code/BBBRK/ez-rider/app/views/devise/registrations/new.html.erb:18: syntax error, unexpected keyword_true, expecting ')'
...nput :last_name, :required true, autocomplete: "email" );@ou...
...                           ^~~~
/home/jimmy/code/BBBRK/ez-rider/app/views/devise/registrations/new.html.erb:18: Can't assign to true
...put :last_name, :required true, autocomplete: "email" );@out...
...                              ^):
  
app/views/devise/registrations/new.html.erb:8: syntax error, unexpected keyword_true, expecting ')'
app/views/devise/registrations/new.html.erb:8: Can't assign to true
app/views/devise/registrations/new.html.erb:8: Can't assign to true
app/views/devise/registrations/new.html.erb:13: syntax error, unexpected keyword_true, expecting ')'
app/views/devise/registrations/new.html.erb:13: Can't assign to true
app/views/devise/registrations/new.html.erb:18: syntax error, unexpected keyword_true, expecting ')'
app/views/devise/registrations/new.html.erb:18: Can't assign to true
Started GET "/users/sign_up" for ::1 at 2019-12-16 17:47:02 +0100
Processing by Devise::RegistrationsController#new as HTML
  Rendering devise/registrations/new.html.erb within layouts/application
  Rendered devise/registrations/new.html.erb within layouts/application (1.2ms)
Completed 500 Internal Server Error in 5ms (ActiveRecord: 0.0ms)


  
SyntaxError (/home/jimmy/code/BBBRK/ez-rider/app/views/devise/registrations/new.html.erb:8: syntax error, unexpected keyword_true, expecting ')'
...il_field :email, :required true, autofocus: true, autocomple...
...                           ^~~~
/home/jimmy/code/BBBRK/ez-rider/app/views/devise/registrations/new.html.erb:8: Can't assign to true
...l_field :email, :required true, autofocus: true, autocomplet...
...                              ^
/home/jimmy/code/BBBRK/ez-rider/app/views/devise/registrations/new.html.erb:8: Can't assign to true
...required true, autofocus: true, autocomplete: "email" );@out...
...                              ^
/home/jimmy/code/BBBRK/ez-rider/app/views/devise/registrations/new.html.erb:13: syntax error, unexpected keyword_true, expecting ')'
...put :first_name, :required true, autocomplete: "email" );@ou...
...                           ^~~~
/home/jimmy/code/BBBRK/ez-rider/app/views/devise/registrations/new.html.erb:13: Can't assign to true
...ut :first_name, :required true, autocomplete: "email" );@out...
...                              ^
/home/jimmy/code/BBBRK/ez-rider/app/views/devise/registrations/new.html.erb:18: syntax error, unexpected keyword_true, expecting ')'
...nput :last_name, :required true, autocomplete: "email" );@ou...
...                           ^~~~
/home/jimmy/code/BBBRK/ez-rider/app/views/devise/registrations/new.html.erb:18: Can't assign to true
...put :last_name, :required true, autocomplete: "email" );@out...
...                              ^):
  
app/views/devise/registrations/new.html.erb:8: syntax error, unexpected keyword_true, expecting ')'
app/views/devise/registrations/new.html.erb:8: Can't assign to true
app/views/devise/registrations/new.html.erb:8: Can't assign to true
app/views/devise/registrations/new.html.erb:13: syntax error, unexpected keyword_true, expecting ')'
app/views/devise/registrations/new.html.erb:13: Can't assign to true
app/views/devise/registrations/new.html.erb:18: syntax error, unexpected keyword_true, expecting ')'
app/views/devise/registrations/new.html.erb:18: Can't assign to true
Started GET "/users/sign_up" for ::1 at 2019-12-16 17:48:00 +0100
Processing by Devise::RegistrationsController#new as HTML
  Rendering devise/registrations/new.html.erb within layouts/application
  Rendered devise/shared/_error_messages.html.erb (0.9ms)
  Rendered devise/registrations/new.html.erb within layouts/application (354.8ms)
Completed 500 Internal Server Error in 358ms (ActiveRecord: 0.0ms)


  
ActionView::Template::Error (undefined method `input' for #<ActionView::Helpers::FormBuilder:0x000056010e69f900>):
    10: 
    11:   <div class="field">
    12:     <%= f.label :first_name %><br />
    13:     <%= f.input :first_name, required: true, autocomplete: "email" %>
    14:   </div>
    15: 
    16:   <div class="field">
  
app/views/devise/registrations/new.html.erb:13:in `block in _app_views_devise_registrations_new_html_erb___4090392579320299265_47281268619920'
app/views/devise/registrations/new.html.erb:3:in `_app_views_devise_registrations_new_html_erb___4090392579320299265_47281268619920'
Started GET "/users/sign_up" for ::1 at 2019-12-16 17:48:35 +0100
Processing by Devise::RegistrationsController#new as HTML
  Rendering devise/registrations/new.html.erb within layouts/application
  Rendered devise/shared/_error_messages.html.erb (0.4ms)
  Rendered devise/registrations/new.html.erb within layouts/application (278.7ms)
Completed 500 Internal Server Error in 282ms (ActiveRecord: 0.0ms)


  
ActionView::Template::Error (undefined method `input' for #<ActionView::Helpers::FormBuilder:0x00007f57345a0248>):
    10: 
    11:   <div class="field">
    12:     <%= f.label :first_name %><br />
    13:     <%= f.input :first_name, required: true %>
    14:   </div>
    15: 
    16:   <div class="field">
  
app/views/devise/registrations/new.html.erb:13:in `block in _app_views_devise_registrations_new_html_erb___4090392579320299265_70006258681240'
app/views/devise/registrations/new.html.erb:3:in `_app_views_devise_registrations_new_html_erb___4090392579320299265_70006258681240'
Started GET "/users/sign_up" for ::1 at 2019-12-16 17:49:51 +0100
  [1m[35m (0.2ms)[0m  [1m[34mSELECT "schema_migrations"."version" FROM "schema_migrations" ORDER BY "schema_migrations"."version" ASC[0m
Processing by Devise::RegistrationsController#new as HTML
  Rendering devise/registrations/new.html.erb within layouts/application
  Rendered devise/shared/_error_messages.html.erb (0.6ms)
  Rendered devise/registrations/new.html.erb within layouts/application (308.1ms)
Completed 500 Internal Server Error in 341ms (ActiveRecord: 0.9ms)


  
ActionView::Template::Error (undefined method `input' for #<ActionView::Helpers::FormBuilder:0x00007fb31c5785d8>):
    10: 
    11:   <div class="field">
    12:     <%= f.label :first_name %><br />
    13:     <%= f.input :first_name, required: true %>
    14:   </div>
    15: 
    16:   <div class="field">
  
app/views/devise/registrations/new.html.erb:13:in `block in _app_views_devise_registrations_new_html_erb___2187742670524792174_47206125363620'
app/views/devise/registrations/new.html.erb:3:in `_app_views_devise_registrations_new_html_erb___2187742670524792174_47206125363620'
Started GET "/users/sign_up" for ::1 at 2019-12-16 17:50:12 +0100
Processing by Devise::RegistrationsController#new as HTML
  Rendering devise/registrations/new.html.erb within layouts/application
  Rendered devise/shared/_error_messages.html.erb (1.1ms)
  Rendered devise/registrations/new.html.erb within layouts/application (318.5ms)
Completed 500 Internal Server Error in 322ms (ActiveRecord: 0.0ms)


  
ActionView::Template::Error (undefined method `text' for #<ActionView::Helpers::FormBuilder:0x000055de10b8cf88>):
    10: 
    11:   <div class="field">
    12:     <%= f.label :first_name %><br />
    13:     <%= f.text :first_name, required: true %>
    14:   </div>
    15: 
    16:   <div class="field">
  
app/views/devise/registrations/new.html.erb:13:in `block in _app_views_devise_registrations_new_html_erb___2187742670524792174_47206125721300'
app/views/devise/registrations/new.html.erb:3:in `_app_views_devise_registrations_new_html_erb___2187742670524792174_47206125721300'
Started GET "/users/sign_up" for ::1 at 2019-12-16 17:50:43 +0100
Processing by Devise::RegistrationsController#new as HTML
  Rendering devise/registrations/new.html.erb within layouts/application
  Rendered devise/shared/_error_messages.html.erb (1.4ms)
  Rendered devise/registrations/new.html.erb within layouts/application (267.0ms)
Completed 500 Internal Server Error in 270ms (ActiveRecord: 0.0ms)


  
ActionView::Template::Error (undefined method `input' for #<ActionView::Helpers::FormBuilder:0x00007fb31c43c4d0>):
    10: 
    11:   <div class="field">
    12:     <%= f.label :first_name %><br />
    13:     <%= f.input :first_name, required: true %>
    14:   </div>
    15: 
    16:   <div class="field">
  
app/views/devise/registrations/new.html.erb:13:in `block in _app_views_devise_registrations_new_html_erb___2187742670524792174_70203625159160'
app/views/devise/registrations/new.html.erb:3:in `_app_views_devise_registrations_new_html_erb___2187742670524792174_70203625159160'
Started GET "/users/sign_up" for ::1 at 2019-12-16 17:50:46 +0100
Processing by Devise::RegistrationsController#new as HTML
  Rendering devise/registrations/new.html.erb within layouts/application
  Rendered devise/shared/_error_messages.html.erb (0.6ms)
  Rendered devise/registrations/new.html.erb within layouts/application (249.2ms)
Completed 500 Internal Server Error in 256ms (ActiveRecord: 0.0ms)


  
ActionView::Template::Error (undefined method `input' for #<ActionView::Helpers::FormBuilder:0x000055de10c64118>):
    10: 
    11:   <div class="field">
    12:     <%= f.label :first_name %><br />
    13:     <%= f.input :first_name, required: true %>
    14:   </div>
    15: 
    16:   <div class="field">
  
app/views/devise/registrations/new.html.erb:13:in `block in _app_views_devise_registrations_new_html_erb___2187742670524792174_70203857787460'
app/views/devise/registrations/new.html.erb:3:in `_app_views_devise_registrations_new_html_erb___2187742670524792174_70203857787460'
Started GET "/users/sign_up" for ::1 at 2019-12-16 17:50:48 +0100
Processing by Devise::RegistrationsController#new as HTML
  Rendering devise/registrations/new.html.erb within layouts/application
  Rendered devise/shared/_error_messages.html.erb (0.8ms)
  Rendered devise/registrations/new.html.erb within layouts/application (267.3ms)
Completed 500 Internal Server Error in 272ms (ActiveRecord: 0.0ms)


  
ActionView::Template::Error (undefined method `input' for #<ActionView::Helpers::FormBuilder:0x000055de1081d028>):
    10: 
    11:   <div class="field">
    12:     <%= f.label :first_name %><br />
    13:     <%= f.input :first_name, required: true %>
    14:   </div>
    15: 
    16:   <div class="field">
  
app/views/devise/registrations/new.html.erb:13:in `block in _app_views_devise_registrations_new_html_erb___2187742670524792174_47206124186220'
app/views/devise/registrations/new.html.erb:3:in `_app_views_devise_registrations_new_html_erb___2187742670524792174_47206124186220'
Started GET "/users/sign_up" for ::1 at 2019-12-16 17:52:01 +0100
Processing by Devise::RegistrationsController#new as HTML
  Rendering devise/registrations/new.html.erb within layouts/application
  Rendered devise/shared/_error_messages.html.erb (0.5ms)
  Rendered devise/shared/_links.html.erb (1.2ms)
  Rendered devise/registrations/new.html.erb within layouts/application (41.0ms)
Completed 200 OK in 179ms (Views: 177.6ms | ActiveRecord: 0.0ms)


Started GET "/users/sign_up" for ::1 at 2019-12-16 17:53:13 +0100
Processing by Devise::RegistrationsController#new as HTML
  Rendering devise/registrations/new.html.erb within layouts/application
  Rendered devise/registrations/new.html.erb within layouts/application (1.1ms)
Completed 500 Internal Server Error in 4ms (ActiveRecord: 0.0ms)


  
SyntaxError (/home/jimmy/code/BBBRK/ez-rider/app/views/devise/registrations/new.html.erb:18: syntax error, unexpected tIDENTIFIER, expecting ')'
...last_name, required: true label: false );@output_buffer.safe...
...                          ^~~~~):
  
app/views/devise/registrations/new.html.erb:18: syntax error, unexpected tIDENTIFIER, expecting ')'
Started GET "/users/sign_up" for ::1 at 2019-12-16 17:53:22 +0100
Processing by Devise::RegistrationsController#new as HTML
  Rendering devise/registrations/new.html.erb within layouts/application
  Rendered devise/shared/_error_messages.html.erb (0.6ms)
  Rendered devise/shared/_links.html.erb (1.2ms)
  Rendered devise/registrations/new.html.erb within layouts/application (17.8ms)
Completed 200 OK in 49ms (Views: 47.2ms | ActiveRecord: 0.0ms)


Started GET "/users/sign_up" for ::1 at 2019-12-16 17:53:37 +0100
Processing by Devise::RegistrationsController#new as HTML
  Rendering devise/registrations/new.html.erb within layouts/application
  Rendered devise/shared/_error_messages.html.erb (0.7ms)
  Rendered devise/shared/_links.html.erb (0.9ms)
  Rendered devise/registrations/new.html.erb within layouts/application (13.0ms)
Completed 200 OK in 34ms (Views: 32.4ms | ActiveRecord: 0.0ms)


Started POST "/users" for ::1 at 2019-12-16 17:53:58 +0100
Processing by Devise::RegistrationsController#create as HTML
  Parameters: {"utf8"=>"✓", "authenticity_token"=>"eaHW6EP2lvriJZAduL71qJALE4dF3LhF0xKYvo2qnehIYEGTov+t/xSo+flqgF5lw1sVQAA6W6FckuSxAHn2mA==", "user"=>{"email"=>"adresseadechet0212+1@gmail.com", "first_name"=>"Jimmy", "last_name"=>"Gressier", "password"=>"[FILTERED]", "password_confirmation"=>"[FILTERED]"}, "commit"=>"Sign up"}
Unpermitted parameters: :first_name, :last_name
  [1m[35m (0.1ms)[0m  [1m[36mbegin transaction[0m
  [1m[36mUser Exists (0.2ms)[0m  [1m[34mSELECT  1 AS one FROM "users" WHERE "users"."email" = ? LIMIT ?[0m  [["email", "adresseadechet0212+1@gmail.com"], ["LIMIT", 1]]
  [1m[35mSQL (0.5ms)[0m  [1m[32mINSERT INTO "users" ("email", "encrypted_password", "created_at", "updated_at") VALUES (?, ?, ?, ?)[0m  [["email", "adresseadechet0212+1@gmail.com"], ["encrypted_password", "$2a$11$9l4moblm1mgSJ4fqEbJzSOFPSxhglK31TC/5Qvz3yT4i4Aey9109u"], ["created_at", "2019-12-16 16:53:58.370935"], ["updated_at", "2019-12-16 16:53:58.370935"]]
  [1m[35m (30.6ms)[0m  [1m[36mcommit transaction[0m
Redirected to http://localhost:3000/
Completed 302 Found in 181ms (ActiveRecord: 31.4ms)


Started GET "/" for ::1 at 2019-12-16 17:53:58 +0100
Processing by HomeController#index as HTML
  Rendering home/index.html.erb within layouts/application
  Rendered home/index.html.erb within layouts/application (0.6ms)
  [1m[36mUser Load (0.3ms)[0m  [1m[34mSELECT  "users".* FROM "users" WHERE "users"."id" = ? ORDER BY "users"."id" ASC LIMIT ?[0m  [["id", 2], ["LIMIT", 1]]
Completed 200 OK in 19ms (Views: 16.9ms | ActiveRecord: 0.3ms)


  [1m[36mUser Load (0.2ms)[0m  [1m[34mSELECT  "users".* FROM "users" ORDER BY "users"."id" DESC LIMIT ?[0m  [["LIMIT", 1]]
Started GET "/users/sign_in" for ::1 at 2019-12-16 18:01:35 +0100
  [1m[35m (0.2ms)[0m  [1m[34mSELECT "schema_migrations"."version" FROM "schema_migrations" ORDER BY "schema_migrations"."version" ASC[0m
Processing by Devise::SessionsController#new as HTML
  [1m[36mUser Load (0.2ms)[0m  [1m[34mSELECT  "users".* FROM "users" WHERE "users"."id" = ? ORDER BY "users"."id" ASC LIMIT ?[0m  [["id", 2], ["LIMIT", 1]]
Redirected to http://localhost:3000/
Filter chain halted as :require_no_authentication rendered or redirected
Completed 302 Found in 36ms (ActiveRecord: 1.0ms)


Started GET "/" for ::1 at 2019-12-16 18:01:35 +0100
Processing by HomeController#index as HTML
  Rendering home/index.html.erb within layouts/application
  Rendered home/index.html.erb within layouts/application (1.2ms)
  [1m[36mUser Load (0.4ms)[0m  [1m[34mSELECT  "users".* FROM "users" WHERE "users"."id" = ? ORDER BY "users"."id" ASC LIMIT ?[0m  [["id", 2], ["LIMIT", 1]]
Completed 200 OK in 216ms (Views: 214.4ms | ActiveRecord: 0.4ms)


Started DELETE "/users/sign_out" for ::1 at 2019-12-16 18:01:37 +0100
Processing by Devise::SessionsController#destroy as HTML
  Parameters: {"authenticity_token"=>"fMSRes4m4HnsOMWC3yRwlpnQO9J8BHaKGZlVhwGH/A6YGsT8EdYRxTc2l9usNRLKvv7frm4G8JQfDf4LSFgh4w=="}
  [1m[36mUser Load (0.3ms)[0m  [1m[34mSELECT  "users".* FROM "users" WHERE "users"."id" = ? ORDER BY "users"."id" ASC LIMIT ?[0m  [["id", 2], ["LIMIT", 1]]
  [1m[35m (0.1ms)[0m  [1m[36mbegin transaction[0m
  [1m[35m (0.1ms)[0m  [1m[36mcommit transaction[0m
Redirected to http://localhost:3000/
Completed 302 Found in 7ms (ActiveRecord: 0.5ms)


Started GET "/" for ::1 at 2019-12-16 18:01:37 +0100
Processing by HomeController#index as HTML
  Rendering home/index.html.erb within layouts/application
  Rendered home/index.html.erb within layouts/application (0.6ms)
Completed 200 OK in 20ms (Views: 18.6ms | ActiveRecord: 0.0ms)


Started GET "/users/sign_in" for ::1 at 2019-12-16 18:01:38 +0100
Processing by Devise::SessionsController#new as HTML
  Rendering devise/sessions/new.html.erb within layouts/application
  Rendered devise/shared/_links.html.erb (1.6ms)
  Rendered devise/sessions/new.html.erb within layouts/application (15.0ms)
Completed 200 OK in 29ms (Views: 28.3ms | ActiveRecord: 0.0ms)


Started GET "/users/sign_up" for ::1 at 2019-12-16 18:01:40 +0100
Processing by Devise::RegistrationsController#new as HTML
  Rendering devise/registrations/new.html.erb within layouts/application
  Rendered devise/shared/_error_messages.html.erb (0.5ms)
  Rendered devise/shared/_links.html.erb (0.9ms)
  Rendered devise/registrations/new.html.erb within layouts/application (27.5ms)
Completed 200 OK in 40ms (Views: 39.2ms | ActiveRecord: 0.0ms)


Started POST "/users" for ::1 at 2019-12-16 18:01:55 +0100
Processing by Devise::RegistrationsController#create as HTML
  Parameters: {"utf8"=>"✓", "authenticity_token"=>"QGFgd2pzeILQB0cOvLxOR3S3zfWXkvoOaCW0TvRAkeKR4Rywt69ZgjgxHOKKt7GYsQ7eqbGmJ/l9/K6STV8k5A==", "user"=>{"email"=>"adresseadechet0212+2@gmail.com", "first_name"=>"Jimmy", "last_name"=>"Gressier", "password"=>"[FILTERED]", "password_confirmation"=>"[FILTERED]"}, "commit"=>"Sign up"}
  [1m[35m (0.1ms)[0m  [1m[36mbegin transaction[0m
  [1m[36mUser Exists (0.2ms)[0m  [1m[34mSELECT  1 AS one FROM "users" WHERE "users"."email" = ? LIMIT ?[0m  [["email", "adresseadechet0212+2@gmail.com"], ["LIMIT", 1]]
  [1m[35mSQL (1.2ms)[0m  [1m[32mINSERT INTO "users" ("email", "encrypted_password", "created_at", "updated_at", "first_name", "last_name") VALUES (?, ?, ?, ?, ?, ?)[0m  [["email", "adresseadechet0212+2@gmail.com"], ["encrypted_password", "$2a$11$EevtYDBYqVugis71SC5sr.ibh.kjajABuRZc6j9aZKcfmacrwAnSK"], ["created_at", "2019-12-16 17:01:55.900299"], ["updated_at", "2019-12-16 17:01:55.900299"], ["first_name", "Jimmy"], ["last_name", "Gressier"]]
  [1m[35m (53.8ms)[0m  [1m[36mcommit transaction[0m
Redirected to http://localhost:3000/
Completed 302 Found in 200ms (ActiveRecord: 55.3ms)


Started GET "/" for ::1 at 2019-12-16 18:01:55 +0100
Processing by HomeController#index as HTML
  Rendering home/index.html.erb within layouts/application
  Rendered home/index.html.erb within layouts/application (0.8ms)
  [1m[36mUser Load (0.4ms)[0m  [1m[34mSELECT  "users".* FROM "users" WHERE "users"."id" = ? ORDER BY "users"."id" ASC LIMIT ?[0m  [["id", 3], ["LIMIT", 1]]
Completed 200 OK in 18ms (Views: 16.3ms | ActiveRecord: 0.4ms)


  [1m[36mUser Load (0.3ms)[0m  [1m[34mSELECT  "users".* FROM "users" ORDER BY "users"."id" DESC LIMIT ?[0m  [["LIMIT", 1]]
Started GET "/" for ::1 at 2019-12-17 11:38:50 +0100
  [1m[35m (0.4ms)[0m  [1m[34mSELECT "schema_migrations"."version" FROM "schema_migrations" ORDER BY "schema_migrations"."version" ASC[0m
Processing by HomeController#index as HTML
  Rendering home/index.html.erb within layouts/application
  Rendered home/index.html.erb within layouts/application (1.3ms)
  [1m[36mUser Load (0.3ms)[0m  [1m[34mSELECT  "users".* FROM "users" WHERE "users"."id" = ? ORDER BY "users"."id" ASC LIMIT ?[0m  [["id", 3], ["LIMIT", 1]]
Completed 200 OK in 259ms (Views: 249.8ms | ActiveRecord: 1.0ms)


Started GET "/favicon.ico" for ::1 at 2019-12-17 11:38:50 +0100
  
ActionController::RoutingError (No route matches [GET] "/favicon.ico"):
  
actionpack (5.1.7) lib/action_dispatch/middleware/debug_exceptions.rb:63:in `call'
web-console (3.7.0) lib/web_console/middleware.rb:135:in `call_app'
web-console (3.7.0) lib/web_console/middleware.rb:30:in `block in call'
web-console (3.7.0) lib/web_console/middleware.rb:20:in `catch'
web-console (3.7.0) lib/web_console/middleware.rb:20:in `call'
actionpack (5.1.7) lib/action_dispatch/middleware/show_exceptions.rb:31:in `call'
railties (5.1.7) lib/rails/rack/logger.rb:36:in `call_app'
railties (5.1.7) lib/rails/rack/logger.rb:24:in `block in call'
activesupport (5.1.7) lib/active_support/tagged_logging.rb:69:in `block in tagged'
activesupport (5.1.7) lib/active_support/tagged_logging.rb:26:in `tagged'
activesupport (5.1.7) lib/active_support/tagged_logging.rb:69:in `tagged'
railties (5.1.7) lib/rails/rack/logger.rb:24:in `call'
sprockets-rails (3.2.1) lib/sprockets/rails/quiet_assets.rb:13:in `call'
actionpack (5.1.7) lib/action_dispatch/middleware/remote_ip.rb:79:in `call'
actionpack (5.1.7) lib/action_dispatch/middleware/request_id.rb:25:in `call'
rack (2.0.7) lib/rack/method_override.rb:22:in `call'
rack (2.0.7) lib/rack/runtime.rb:22:in `call'
activesupport (5.1.7) lib/active_support/cache/strategy/local_cache_middleware.rb:27:in `call'
actionpack (5.1.7) lib/action_dispatch/middleware/executor.rb:12:in `call'
actionpack (5.1.7) lib/action_dispatch/middleware/static.rb:125:in `call'
rack (2.0.7) lib/rack/sendfile.rb:111:in `call'
railties (5.1.7) lib/rails/engine.rb:522:in `call'
puma (3.12.2) lib/puma/configuration.rb:227:in `call'
puma (3.12.2) lib/puma/server.rb:674:in `handle_request'
puma (3.12.2) lib/puma/server.rb:476:in `process_client'
puma (3.12.2) lib/puma/server.rb:334:in `block in run'
puma (3.12.2) lib/puma/thread_pool.rb:135:in `block in spawn_thread'
Started GET "/users/sign_in" for ::1 at 2019-12-17 11:38:55 +0100
Processing by Devise::SessionsController#new as HTML
  [1m[36mUser Load (0.2ms)[0m  [1m[34mSELECT  "users".* FROM "users" WHERE "users"."id" = ? ORDER BY "users"."id" ASC LIMIT ?[0m  [["id", 3], ["LIMIT", 1]]
Redirected to http://localhost:3000/
Filter chain halted as :require_no_authentication rendered or redirected
Completed 302 Found in 10ms (ActiveRecord: 0.2ms)


Started GET "/" for ::1 at 2019-12-17 11:38:55 +0100
Processing by HomeController#index as HTML
  Rendering home/index.html.erb within layouts/application
  Rendered home/index.html.erb within layouts/application (0.5ms)
  [1m[36mUser Load (0.4ms)[0m  [1m[34mSELECT  "users".* FROM "users" WHERE "users"."id" = ? ORDER BY "users"."id" ASC LIMIT ?[0m  [["id", 3], ["LIMIT", 1]]
Completed 200 OK in 14ms (Views: 12.3ms | ActiveRecord: 0.4ms)


Started DELETE "/users/sign_out" for ::1 at 2019-12-17 11:39:00 +0100
Processing by Devise::SessionsController#destroy as HTML
  Parameters: {"authenticity_token"=>"ANPstmv+qJQwvCR9aUZN8hutM9cJBkyH4z7GE/v+Dd4/sabf6DR6b1LdBcrXKOTpXwR8e0FjgIo8pAm5MoOX6g=="}
  [1m[36mUser Load (0.2ms)[0m  [1m[34mSELECT  "users".* FROM "users" WHERE "users"."id" = ? ORDER BY "users"."id" ASC LIMIT ?[0m  [["id", 3], ["LIMIT", 1]]
  [1m[35m (0.1ms)[0m  [1m[36mbegin transaction[0m
  [1m[35m (0.0ms)[0m  [1m[36mcommit transaction[0m
Redirected to http://localhost:3000/
Completed 302 Found in 7ms (ActiveRecord: 0.3ms)


Started GET "/" for ::1 at 2019-12-17 11:39:00 +0100
Processing by HomeController#index as HTML
  Rendering home/index.html.erb within layouts/application
  Rendered home/index.html.erb within layouts/application (1.2ms)
Completed 200 OK in 21ms (Views: 19.4ms | ActiveRecord: 0.0ms)


Started GET "/users/sign_in" for ::1 at 2019-12-17 11:39:01 +0100
Processing by Devise::SessionsController#new as HTML
  Rendering devise/sessions/new.html.erb within layouts/application
  Rendered devise/shared/_links.html.erb (1.4ms)
  Rendered devise/sessions/new.html.erb within layouts/application (12.8ms)
Completed 200 OK in 229ms (Views: 226.6ms | ActiveRecord: 0.0ms)


Started POST "/users/sign_in" for ::1 at 2019-12-17 11:39:17 +0100
Processing by Devise::SessionsController#create as HTML
  Parameters: {"utf8"=>"✓", "authenticity_token"=>"aMeiHBIdjvlh2Dhyhk36lt5pfboTPtszxFLtIa15yY431Gp4+t46jYSFLI3RUFsXWVCBlhhYg10ZMXvVUUr6iw==", "user"=>{"email"=>"adresseadechet0212+2@gmail.com", "password"=>"[FILTERED]", "remember_me"=>"0"}, "commit"=>"Log in"}
  [1m[36mUser Load (3.8ms)[0m  [1m[34mSELECT  "users".* FROM "users" WHERE "users"."email" = ? ORDER BY "users"."id" ASC LIMIT ?[0m  [["email", "adresseadechet0212+2@gmail.com"], ["LIMIT", 1]]
Redirected to http://localhost:3000/
Completed 302 Found in 336ms (ActiveRecord: 3.8ms)


Started GET "/" for ::1 at 2019-12-17 11:39:18 +0100
Processing by HomeController#index as HTML
  Rendering home/index.html.erb within layouts/application
  Rendered home/index.html.erb within layouts/application (0.5ms)
  [1m[36mUser Load (0.2ms)[0m  [1m[34mSELECT  "users".* FROM "users" WHERE "users"."id" = ? ORDER BY "users"."id" ASC LIMIT ?[0m  [["id", 3], ["LIMIT", 1]]
Completed 200 OK in 15ms (Views: 13.6ms | ActiveRecord: 0.2ms)


Started GET "/" for ::1 at 2019-12-17 11:40:10 +0100
Processing by HomeController#index as HTML
  Rendering home/index.html.erb within layouts/application
  Rendered home/index.html.erb within layouts/application (0.9ms)
  [1m[36mUser Load (0.3ms)[0m  [1m[34mSELECT  "users".* FROM "users" WHERE "users"."id" = ? ORDER BY "users"."id" ASC LIMIT ?[0m  [["id", 3], ["LIMIT", 1]]
Completed 200 OK in 45ms (Views: 41.6ms | ActiveRecord: 2.1ms)


Started DELETE "/users/sign_out" for ::1 at 2019-12-17 11:40:14 +0100
Processing by Devise::SessionsController#destroy as HTML
  Parameters: {"authenticity_token"=>"HwAlA7lnmbauUunAGb9qiTogk2R2JDqEVaQoso5dX2QRgN6sUd0XZbCdNa2+Dkv/g8cu3TN8fOURQ/YxHEUcnw=="}
  [1m[36mUser Load (0.5ms)[0m  [1m[34mSELECT  "users".* FROM "users" WHERE "users"."id" = ? ORDER BY "users"."id" ASC LIMIT ?[0m  [["id", 3], ["LIMIT", 1]]
  [1m[35m (0.1ms)[0m  [1m[36mbegin transaction[0m
  [1m[35m (0.1ms)[0m  [1m[36mcommit transaction[0m
Redirected to http://localhost:3000/
Completed 302 Found in 12ms (ActiveRecord: 0.7ms)


Started GET "/" for ::1 at 2019-12-17 11:40:14 +0100
Processing by HomeController#index as HTML
  Rendering home/index.html.erb within layouts/application
  Rendered home/index.html.erb within layouts/application (0.7ms)
Completed 200 OK in 14ms (Views: 12.7ms | ActiveRecord: 0.0ms)


Started GET "/" for ::1 at 2019-12-17 11:40:27 +0100
Processing by HomeController#index as HTML
  Rendering home/index.html.erb within layouts/application
  Rendered home/index.html.erb within layouts/application (0.6ms)
Completed 200 OK in 17ms (Views: 16.3ms | ActiveRecord: 0.0ms)


  [1m[36mUser Load (0.2ms)[0m  [1m[34mSELECT  "users".* FROM "users" ORDER BY "users"."id" DESC LIMIT ?[0m  [["LIMIT", 1]]
Started DELETE "/users/sign_out" for ::1 at 2019-12-17 11:43:47 +0100
Processing by Devise::SessionsController#destroy as HTML
  Parameters: {"authenticity_token"=>"Hj2NUBA59q8FqIzrZ3iZsihodbdzly8aHcizCTCOYNBTmcG+xrYG1FC5uU7M+RkV2IlkyMDistL7FiZWsibIMg=="}
Redirected to http://localhost:3000/
Filter chain halted as :verify_signed_out_user rendered or redirected
Completed 302 Found in 2ms (ActiveRecord: 0.0ms)


Started GET "/" for ::1 at 2019-12-17 11:43:47 +0100
Processing by HomeController#index as HTML
  Rendering home/index.html.erb within layouts/application
  Rendered home/index.html.erb within layouts/application (0.6ms)
Completed 200 OK in 13ms (Views: 12.2ms | ActiveRecord: 0.0ms)


Started DELETE "/users/sign_out" for ::1 at 2019-12-17 11:43:49 +0100
Processing by Devise::SessionsController#destroy as HTML
  Parameters: {"authenticity_token"=>"fjdNWgZ8JFgewuPMuP02cOOyYXFPugJJtTQATCnro4IzkwG00PPUI0vT1mkTfLbXE1NwDvzPn4FT6pUTq0MLYA=="}
Redirected to http://localhost:3000/
Filter chain halted as :verify_signed_out_user rendered or redirected
Completed 302 Found in 2ms (ActiveRecord: 0.0ms)


Started GET "/" for ::1 at 2019-12-17 11:43:49 +0100
Processing by HomeController#index as HTML
  Rendering home/index.html.erb within layouts/application
  Rendered home/index.html.erb within layouts/application (0.7ms)
Completed 200 OK in 16ms (Views: 14.6ms | ActiveRecord: 0.0ms)


